{"C:\\Users\\siddo\\OneDrive\\Desktop\\PrepAI\\PrepAI\\backend\\server.js": {"path":"C:\\Users\\siddo\\OneDrive\\Desktop\\PrepAI\\PrepAI\\backend\\server.js","statementMap":{"0":{"start":{"line":1,"column":0},"end":{"line":1,"column":27}},"1":{"start":{"line":2,"column":16},"end":{"line":2,"column":34}},"2":{"start":{"line":3,"column":13},"end":{"line":3,"column":28}},"3":{"start":{"line":4,"column":13},"end":{"line":4,"column":28}},"4":{"start":{"line":5,"column":18},"end":{"line":5,"column":40}},"5":{"start":{"line":6,"column":19},"end":{"line":6,"column":41}},"6":{"start":{"line":8,"column":19},"end":{"line":8,"column":49}},"7":{"start":{"line":9,"column":22},"end":{"line":9,"column":55}},"8":{"start":{"line":10,"column":23},"end":{"line":10,"column":57}},"9":{"start":{"line":11,"column":20},"end":{"line":11,"column":59}},"10":{"start":{"line":12,"column":67},"end":{"line":12,"column":104}},"11":{"start":{"line":14,"column":12},"end":{"line":14,"column":21}},"12":{"start":{"line":17,"column":17},"end":{"line":17,"column":42}},"13":{"start":{"line":18,"column":0},"end":{"line":18,"column":47}},"14":{"start":{"line":21,"column":28},"end":{"line":26,"column":2}},"15":{"start":{"line":28,"column":25},"end":{"line":33,"column":2}},"16":{"start":{"line":36,"column":0},"end":{"line":42,"column":2}},"17":{"start":{"line":45,"column":0},"end":{"line":54,"column":3}},"18":{"start":{"line":46,"column":2},"end":{"line":53,"column":3}},"19":{"start":{"line":47,"column":4},"end":{"line":47,"column":50}},"20":{"start":{"line":48,"column":20},"end":{"line":48,"column":44}},"21":{"start":{"line":49,"column":4},"end":{"line":49,"column":22}},"22":{"start":{"line":51,"column":4},"end":{"line":51,"column":53}},"23":{"start":{"line":52,"column":4},"end":{"line":52,"column":53}},"24":{"start":{"line":57,"column":0},"end":{"line":85,"column":3}},"25":{"start":{"line":58,"column":16},"end":{"line":58,"column":26}},"26":{"start":{"line":61,"column":2},"end":{"line":82,"column":5}},"27":{"start":{"line":62,"column":4},"end":{"line":81,"column":5}},"28":{"start":{"line":63,"column":23},"end":{"line":63,"column":41}},"29":{"start":{"line":66,"column":24},"end":{"line":66,"column":81}},"30":{"start":{"line":69,"column":21},"end":{"line":73,"column":7}},"31":{"start":{"line":76,"column":6},"end":{"line":76,"column":62}},"32":{"start":{"line":77,"column":6},"end":{"line":77,"column":47}},"33":{"start":{"line":80,"column":6},"end":{"line":80,"column":54}},"34":{"start":{"line":84,"column":2},"end":{"line":84,"column":9}},"35":{"start":{"line":87,"column":0},"end":{"line":87,"column":12}},"36":{"start":{"line":90,"column":0},"end":{"line":90,"column":24}},"37":{"start":{"line":95,"column":0},"end":{"line":97,"column":3}},"38":{"start":{"line":96,"column":2},"end":{"line":96,"column":55}},"39":{"start":{"line":99,"column":0},"end":{"line":105,"column":3}},"40":{"start":{"line":100,"column":2},"end":{"line":104,"column":5}},"41":{"start":{"line":110,"column":0},"end":{"line":110,"column":33}},"42":{"start":{"line":111,"column":0},"end":{"line":111,"column":40}},"43":{"start":{"line":112,"column":0},"end":{"line":112,"column":42}},"44":{"start":{"line":114,"column":0},"end":{"line":114,"column":75}},"45":{"start":{"line":115,"column":0},"end":{"line":115,"column":77}},"46":{"start":{"line":118,"column":0},"end":{"line":118,"column":69}},"47":{"start":{"line":124,"column":13},"end":{"line":124,"column":37}},"48":{"start":{"line":126,"column":0},"end":{"line":129,"column":1}},"49":{"start":{"line":128,"column":2},"end":{"line":128,"column":83}},"50":{"start":{"line":128,"column":36},"end":{"line":128,"column":81}},"51":{"start":{"line":132,"column":0},"end":{"line":132,"column":21}}},"fnMap":{"0":{"name":"(anonymous_0)","decl":{"start":{"line":45,"column":20},"end":{"line":45,"column":21}},"loc":{"start":{"line":45,"column":40},"end":{"line":54,"column":1}},"line":45},"1":{"name":"(anonymous_1)","decl":{"start":{"line":57,"column":8},"end":{"line":57,"column":9}},"loc":{"start":{"line":57,"column":28},"end":{"line":85,"column":1}},"line":57},"2":{"name":"(anonymous_2)","decl":{"start":{"line":61,"column":19},"end":{"line":61,"column":20}},"loc":{"start":{"line":61,"column":25},"end":{"line":82,"column":3}},"line":61},"3":{"name":"(anonymous_3)","decl":{"start":{"line":95,"column":13},"end":{"line":95,"column":14}},"loc":{"start":{"line":95,"column":27},"end":{"line":97,"column":1}},"line":95},"4":{"name":"(anonymous_4)","decl":{"start":{"line":99,"column":19},"end":{"line":99,"column":20}},"loc":{"start":{"line":99,"column":33},"end":{"line":105,"column":1}},"line":99},"5":{"name":"(anonymous_5)","decl":{"start":{"line":128,"column":30},"end":{"line":128,"column":31}},"loc":{"start":{"line":128,"column":36},"end":{"line":128,"column":81}},"line":128}},"branchMap":{"0":{"loc":{"start":{"line":66,"column":24},"end":{"line":66,"column":81}},"type":"cond-expr","locations":[{"start":{"line":66,"column":56},"end":{"line":66,"column":70}},{"start":{"line":66,"column":73},"end":{"line":66,"column":81}}],"line":66},"1":{"loc":{"start":{"line":66,"column":25},"end":{"line":66,"column":52}},"type":"binary-expr","locations":[{"start":{"line":66,"column":25},"end":{"line":66,"column":34}},{"start":{"line":66,"column":38},"end":{"line":66,"column":52}}],"line":66},"2":{"loc":{"start":{"line":70,"column":15},"end":{"line":70,"column":38}},"type":"binary-expr","locations":[{"start":{"line":70,"column":15},"end":{"line":70,"column":25}},{"start":{"line":70,"column":29},"end":{"line":70,"column":38}}],"line":70},"3":{"loc":{"start":{"line":71,"column":15},"end":{"line":71,"column":43}},"type":"binary-expr","locations":[{"start":{"line":71,"column":15},"end":{"line":71,"column":24}},{"start":{"line":71,"column":28},"end":{"line":71,"column":43}}],"line":71},"4":{"loc":{"start":{"line":72,"column":15},"end":{"line":72,"column":34}},"type":"binary-expr","locations":[{"start":{"line":72,"column":15},"end":{"line":72,"column":29}},{"start":{"line":72,"column":33},"end":{"line":72,"column":34}}],"line":72},"5":{"loc":{"start":{"line":124,"column":13},"end":{"line":124,"column":37}},"type":"binary-expr","locations":[{"start":{"line":124,"column":13},"end":{"line":124,"column":29}},{"start":{"line":124,"column":33},"end":{"line":124,"column":37}}],"line":124},"6":{"loc":{"start":{"line":126,"column":0},"end":{"line":129,"column":1}},"type":"if","locations":[{"start":{"line":126,"column":0},"end":{"line":129,"column":1}},{"start":{},"end":{}}],"line":126}},"s":{"0":4,"1":4,"2":4,"3":4,"4":4,"5":4,"6":4,"7":4,"8":4,"9":4,"10":4,"11":4,"12":4,"13":4,"14":4,"15":4,"16":4,"17":4,"18":1,"19":1,"20":1,"21":1,"22":0,"23":0,"24":4,"25":2,"26":2,"27":2,"28":2,"29":2,"30":2,"31":2,"32":2,"33":0,"34":2,"35":4,"36":4,"37":4,"38":1,"39":4,"40":1,"41":4,"42":4,"43":4,"44":4,"45":4,"46":4,"47":4,"48":4,"49":0,"50":0,"51":4},"f":{"0":1,"1":2,"2":2,"3":1,"4":1,"5":0},"b":{"0":[2,0],"1":[2,2],"2":[2,0],"3":[2,0],"4":[2,0],"5":[4,4],"6":[0,4]},"_coverageSchema":"1a1c01bbd47fc00a2c39e90264f33305004495a9","hash":"0aa540a4f772fa8e2a97dcdcb51c4cba0957e0ef"}
,"C:\\Users\\siddo\\OneDrive\\Desktop\\PrepAI\\PrepAI\\backend\\config\\db.js": {"path":"C:\\Users\\siddo\\OneDrive\\Desktop\\PrepAI\\PrepAI\\backend\\config\\db.js","statementMap":{"0":{"start":{"line":1,"column":17},"end":{"line":1,"column":36}},"1":{"start":{"line":3,"column":18},"end":{"line":18,"column":1}},"2":{"start":{"line":4,"column":2},"end":{"line":17,"column":3}},"3":{"start":{"line":6,"column":6},"end":{"line":6,"column":118}},"4":{"start":{"line":8,"column":4},"end":{"line":11,"column":7}},"5":{"start":{"line":13,"column":4},"end":{"line":13,"column":37}},"6":{"start":{"line":15,"column":4},"end":{"line":15,"column":54}},"7":{"start":{"line":16,"column":4},"end":{"line":16,"column":20}},"8":{"start":{"line":20,"column":0},"end":{"line":20,"column":27}}},"fnMap":{"0":{"name":"(anonymous_0)","decl":{"start":{"line":3,"column":18},"end":{"line":3,"column":19}},"loc":{"start":{"line":3,"column":30},"end":{"line":18,"column":1}},"line":3}},"branchMap":{},"s":{"0":4,"1":4,"2":4,"3":4,"4":4,"5":2,"6":0,"7":0,"8":4},"f":{"0":4},"b":{},"_coverageSchema":"1a1c01bbd47fc00a2c39e90264f33305004495a9","hash":"67586703458e434e00f63cd8f82426835d1fcf89"}
,"C:\\Users\\siddo\\OneDrive\\Desktop\\PrepAI\\PrepAI\\backend\\controllers\\aiController.js": {"path":"C:\\Users\\siddo\\OneDrive\\Desktop\\PrepAI\\PrepAI\\backend\\controllers\\aiController.js","statementMap":{"0":{"start":{"line":1,"column":24},"end":{"line":1,"column":48}},"1":{"start":{"line":5,"column":4},"end":{"line":5,"column":31}},"2":{"start":{"line":7,"column":11},"end":{"line":7,"column":66}},"3":{"start":{"line":12,"column":35},"end":{"line":50,"column":1}},"4":{"start":{"line":13,"column":2},"end":{"line":49,"column":3}},"5":{"start":{"line":14,"column":67},"end":{"line":14,"column":75}},"6":{"start":{"line":16,"column":4},"end":{"line":18,"column":5}},"7":{"start":{"line":17,"column":6},"end":{"line":17,"column":74}},"8":{"start":{"line":20,"column":19},"end":{"line":25,"column":5}},"9":{"start":{"line":27,"column":21},"end":{"line":30,"column":6}},"10":{"start":{"line":32,"column":18},"end":{"line":32,"column":31}},"11":{"start":{"line":35,"column":24},"end":{"line":38,"column":13}},"12":{"start":{"line":41,"column":17},"end":{"line":41,"column":40}},"13":{"start":{"line":43,"column":4},"end":{"line":43,"column":31}},"14":{"start":{"line":45,"column":4},"end":{"line":48,"column":7}},"15":{"start":{"line":55,"column":35},"end":{"line":88,"column":1}},"16":{"start":{"line":56,"column":2},"end":{"line":87,"column":3}},"17":{"start":{"line":57,"column":25},"end":{"line":57,"column":33}},"18":{"start":{"line":59,"column":4},"end":{"line":61,"column":5}},"19":{"start":{"line":60,"column":6},"end":{"line":60,"column":74}},"20":{"start":{"line":63,"column":19},"end":{"line":63,"column":49}},"21":{"start":{"line":65,"column":21},"end":{"line":68,"column":6}},"22":{"start":{"line":70,"column":18},"end":{"line":70,"column":31}},"23":{"start":{"line":73,"column":24},"end":{"line":76,"column":13}},"24":{"start":{"line":79,"column":17},"end":{"line":79,"column":40}},"25":{"start":{"line":81,"column":4},"end":{"line":81,"column":31}},"26":{"start":{"line":83,"column":4},"end":{"line":86,"column":7}},"27":{"start":{"line":90,"column":0},"end":{"line":90,"column":76}}},"fnMap":{"0":{"name":"(anonymous_0)","decl":{"start":{"line":12,"column":35},"end":{"line":12,"column":36}},"loc":{"start":{"line":12,"column":55},"end":{"line":50,"column":1}},"line":12},"1":{"name":"(anonymous_1)","decl":{"start":{"line":55,"column":35},"end":{"line":55,"column":36}},"loc":{"start":{"line":55,"column":55},"end":{"line":88,"column":1}},"line":55}},"branchMap":{"0":{"loc":{"start":{"line":16,"column":4},"end":{"line":18,"column":5}},"type":"if","locations":[{"start":{"line":16,"column":4},"end":{"line":18,"column":5}},{"start":{},"end":{}}],"line":16},"1":{"loc":{"start":{"line":16,"column":8},"end":{"line":16,"column":68}},"type":"binary-expr","locations":[{"start":{"line":16,"column":8},"end":{"line":16,"column":13}},{"start":{"line":16,"column":17},"end":{"line":16,"column":28}},{"start":{"line":16,"column":32},"end":{"line":16,"column":46}},{"start":{"line":16,"column":50},"end":{"line":16,"column":68}}],"line":16},"2":{"loc":{"start":{"line":59,"column":4},"end":{"line":61,"column":5}},"type":"if","locations":[{"start":{"line":59,"column":4},"end":{"line":61,"column":5}},{"start":{},"end":{}}],"line":59}},"s":{"0":4,"1":4,"2":4,"3":4,"4":0,"5":0,"6":0,"7":0,"8":0,"9":0,"10":0,"11":0,"12":0,"13":0,"14":0,"15":4,"16":0,"17":0,"18":0,"19":0,"20":0,"21":0,"22":0,"23":0,"24":0,"25":0,"26":0,"27":4},"f":{"0":0,"1":0},"b":{"0":[0,0],"1":[0,0,0,0],"2":[0,0]},"_coverageSchema":"1a1c01bbd47fc00a2c39e90264f33305004495a9","hash":"95da2aeb0e117b3af0c3e5ccb84c238ddb101076"}
,"C:\\Users\\siddo\\OneDrive\\Desktop\\PrepAI\\PrepAI\\backend\\controllers\\authController.js": {"path":"C:\\Users\\siddo\\OneDrive\\Desktop\\PrepAI\\PrepAI\\backend\\controllers\\authController.js","statementMap":{"0":{"start":{"line":1,"column":13},"end":{"line":1,"column":38}},"1":{"start":{"line":2,"column":15},"end":{"line":2,"column":34}},"2":{"start":{"line":3,"column":12},"end":{"line":3,"column":35}},"3":{"start":{"line":4,"column":0},"end":{"line":4,"column":27}},"4":{"start":{"line":6,"column":22},"end":{"line":8,"column":1}},"5":{"start":{"line":7,"column":2},"end":{"line":7,"column":79}},"6":{"start":{"line":13,"column":21},"end":{"line":46,"column":1}},"7":{"start":{"line":14,"column":2},"end":{"line":45,"column":3}},"8":{"start":{"line":15,"column":55},"end":{"line":15,"column":63}},"9":{"start":{"line":18,"column":23},"end":{"line":18,"column":52}},"10":{"start":{"line":19,"column":4},"end":{"line":21,"column":5}},"11":{"start":{"line":20,"column":6},"end":{"line":20,"column":70}},"12":{"start":{"line":24,"column":17},"end":{"line":24,"column":41}},"13":{"start":{"line":25,"column":27},"end":{"line":25,"column":60}},"14":{"start":{"line":28,"column":17},"end":{"line":33,"column":6}},"15":{"start":{"line":36,"column":4},"end":{"line":42,"column":7}},"16":{"start":{"line":44,"column":4},"end":{"line":44,"column":76}},"17":{"start":{"line":51,"column":18},"end":{"line":77,"column":1}},"18":{"start":{"line":52,"column":2},"end":{"line":76,"column":3}},"19":{"start":{"line":53,"column":32},"end":{"line":53,"column":40}},"20":{"start":{"line":55,"column":17},"end":{"line":55,"column":46}},"21":{"start":{"line":56,"column":4},"end":{"line":58,"column":5}},"22":{"start":{"line":57,"column":6},"end":{"line":57,"column":76}},"23":{"start":{"line":61,"column":20},"end":{"line":61,"column":65}},"24":{"start":{"line":62,"column":4},"end":{"line":64,"column":5}},"25":{"start":{"line":63,"column":6},"end":{"line":63,"column":76}},"26":{"start":{"line":67,"column":4},"end":{"line":73,"column":7}},"27":{"start":{"line":75,"column":4},"end":{"line":75,"column":76}},"28":{"start":{"line":82,"column":23},"end":{"line":92,"column":1}},"29":{"start":{"line":83,"column":2},"end":{"line":91,"column":3}},"30":{"start":{"line":84,"column":17},"end":{"line":84,"column":69}},"31":{"start":{"line":85,"column":4},"end":{"line":87,"column":5}},"32":{"start":{"line":86,"column":6},"end":{"line":86,"column":65}},"33":{"start":{"line":88,"column":4},"end":{"line":88,"column":19}},"34":{"start":{"line":90,"column":4},"end":{"line":90,"column":76}},"35":{"start":{"line":94,"column":0},"end":{"line":94,"column":61}}},"fnMap":{"0":{"name":"(anonymous_0)","decl":{"start":{"line":6,"column":22},"end":{"line":6,"column":23}},"loc":{"start":{"line":6,"column":34},"end":{"line":8,"column":1}},"line":6},"1":{"name":"(anonymous_1)","decl":{"start":{"line":13,"column":21},"end":{"line":13,"column":22}},"loc":{"start":{"line":13,"column":41},"end":{"line":46,"column":1}},"line":13},"2":{"name":"(anonymous_2)","decl":{"start":{"line":51,"column":18},"end":{"line":51,"column":19}},"loc":{"start":{"line":51,"column":38},"end":{"line":77,"column":1}},"line":51},"3":{"name":"(anonymous_3)","decl":{"start":{"line":82,"column":23},"end":{"line":82,"column":24}},"loc":{"start":{"line":82,"column":43},"end":{"line":92,"column":1}},"line":82}},"branchMap":{"0":{"loc":{"start":{"line":19,"column":4},"end":{"line":21,"column":5}},"type":"if","locations":[{"start":{"line":19,"column":4},"end":{"line":21,"column":5}},{"start":{},"end":{}}],"line":19},"1":{"loc":{"start":{"line":56,"column":4},"end":{"line":58,"column":5}},"type":"if","locations":[{"start":{"line":56,"column":4},"end":{"line":58,"column":5}},{"start":{},"end":{}}],"line":56},"2":{"loc":{"start":{"line":62,"column":4},"end":{"line":64,"column":5}},"type":"if","locations":[{"start":{"line":62,"column":4},"end":{"line":64,"column":5}},{"start":{},"end":{}}],"line":62},"3":{"loc":{"start":{"line":85,"column":4},"end":{"line":87,"column":5}},"type":"if","locations":[{"start":{"line":85,"column":4},"end":{"line":87,"column":5}},{"start":{},"end":{}}],"line":85}},"s":{"0":4,"1":4,"2":4,"3":4,"4":4,"5":0,"6":4,"7":0,"8":0,"9":0,"10":0,"11":0,"12":0,"13":0,"14":0,"15":0,"16":0,"17":4,"18":0,"19":0,"20":0,"21":0,"22":0,"23":0,"24":0,"25":0,"26":0,"27":0,"28":4,"29":0,"30":0,"31":0,"32":0,"33":0,"34":0,"35":4},"f":{"0":0,"1":0,"2":0,"3":0},"b":{"0":[0,0],"1":[0,0],"2":[0,0],"3":[0,0]},"_coverageSchema":"1a1c01bbd47fc00a2c39e90264f33305004495a9","hash":"6b9403ddcc04fb91babb04a6c3955e46c35a27bf"}
,"C:\\Users\\siddo\\OneDrive\\Desktop\\PrepAI\\PrepAI\\backend\\controllers\\questionController.js": {"path":"C:\\Users\\siddo\\OneDrive\\Desktop\\PrepAI\\PrepAI\\backend\\controllers\\questionController.js","statementMap":{"0":{"start":{"line":1,"column":17},"end":{"line":1,"column":46}},"1":{"start":{"line":2,"column":16},"end":{"line":2,"column":44}},"2":{"start":{"line":7,"column":0},"end":{"line":38,"column":2}},"3":{"start":{"line":8,"column":2},"end":{"line":37,"column":3}},"4":{"start":{"line":9,"column":37},"end":{"line":9,"column":45}},"5":{"start":{"line":11,"column":4},"end":{"line":13,"column":5}},"6":{"start":{"line":12,"column":6},"end":{"line":12,"column":69}},"7":{"start":{"line":15,"column":20},"end":{"line":15,"column":53}},"8":{"start":{"line":17,"column":4},"end":{"line":19,"column":5}},"9":{"start":{"line":18,"column":6},"end":{"line":18,"column":68}},"10":{"start":{"line":22,"column":29},"end":{"line":28,"column":5}},"11":{"start":{"line":23,"column":28},"end":{"line":27,"column":7}},"12":{"start":{"line":31,"column":4},"end":{"line":31,"column":66}},"13":{"start":{"line":31,"column":58},"end":{"line":31,"column":63}},"14":{"start":{"line":32,"column":4},"end":{"line":32,"column":25}},"15":{"start":{"line":34,"column":4},"end":{"line":34,"column":43}},"16":{"start":{"line":36,"column":4},"end":{"line":36,"column":54}},"17":{"start":{"line":43,"column":0},"end":{"line":60,"column":2}},"18":{"start":{"line":44,"column":2},"end":{"line":59,"column":3}},"19":{"start":{"line":45,"column":21},"end":{"line":45,"column":59}},"20":{"start":{"line":47,"column":4},"end":{"line":51,"column":5}},"21":{"start":{"line":48,"column":6},"end":{"line":50,"column":65}},"22":{"start":{"line":53,"column":4},"end":{"line":53,"column":43}},"23":{"start":{"line":54,"column":4},"end":{"line":54,"column":26}},"24":{"start":{"line":56,"column":4},"end":{"line":56,"column":54}},"25":{"start":{"line":58,"column":4},"end":{"line":58,"column":54}},"26":{"start":{"line":65,"column":0},"end":{"line":83,"column":2}},"27":{"start":{"line":66,"column":2},"end":{"line":82,"column":3}},"28":{"start":{"line":67,"column":21},"end":{"line":67,"column":29}},"29":{"start":{"line":68,"column":21},"end":{"line":68,"column":59}},"30":{"start":{"line":70,"column":4},"end":{"line":74,"column":5}},"31":{"start":{"line":71,"column":6},"end":{"line":73,"column":65}},"32":{"start":{"line":76,"column":4},"end":{"line":76,"column":31}},"33":{"start":{"line":77,"column":4},"end":{"line":77,"column":26}},"34":{"start":{"line":79,"column":4},"end":{"line":79,"column":54}},"35":{"start":{"line":81,"column":4},"end":{"line":81,"column":54}}},"fnMap":{"0":{"name":"(anonymous_0)","decl":{"start":{"line":7,"column":32},"end":{"line":7,"column":33}},"loc":{"start":{"line":7,"column":52},"end":{"line":38,"column":1}},"line":7},"1":{"name":"(anonymous_1)","decl":{"start":{"line":23,"column":20},"end":{"line":23,"column":21}},"loc":{"start":{"line":23,"column":28},"end":{"line":27,"column":7}},"line":23},"2":{"name":"(anonymous_2)","decl":{"start":{"line":31,"column":51},"end":{"line":31,"column":52}},"loc":{"start":{"line":31,"column":58},"end":{"line":31,"column":63}},"line":31},"3":{"name":"(anonymous_3)","decl":{"start":{"line":43,"column":28},"end":{"line":43,"column":29}},"loc":{"start":{"line":43,"column":48},"end":{"line":60,"column":1}},"line":43},"4":{"name":"(anonymous_4)","decl":{"start":{"line":65,"column":29},"end":{"line":65,"column":30}},"loc":{"start":{"line":65,"column":49},"end":{"line":83,"column":1}},"line":65}},"branchMap":{"0":{"loc":{"start":{"line":11,"column":4},"end":{"line":13,"column":5}},"type":"if","locations":[{"start":{"line":11,"column":4},"end":{"line":13,"column":5}},{"start":{},"end":{}}],"line":11},"1":{"loc":{"start":{"line":11,"column":8},"end":{"line":11,"column":61}},"type":"binary-expr","locations":[{"start":{"line":11,"column":8},"end":{"line":11,"column":18}},{"start":{"line":11,"column":22},"end":{"line":11,"column":32}},{"start":{"line":11,"column":36},"end":{"line":11,"column":61}}],"line":11},"2":{"loc":{"start":{"line":17,"column":4},"end":{"line":19,"column":5}},"type":"if","locations":[{"start":{"line":17,"column":4},"end":{"line":19,"column":5}},{"start":{},"end":{}}],"line":17},"3":{"loc":{"start":{"line":47,"column":4},"end":{"line":51,"column":5}},"type":"if","locations":[{"start":{"line":47,"column":4},"end":{"line":51,"column":5}},{"start":{},"end":{}}],"line":47},"4":{"loc":{"start":{"line":70,"column":4},"end":{"line":74,"column":5}},"type":"if","locations":[{"start":{"line":70,"column":4},"end":{"line":74,"column":5}},{"start":{},"end":{}}],"line":70},"5":{"loc":{"start":{"line":76,"column":20},"end":{"line":76,"column":30}},"type":"binary-expr","locations":[{"start":{"line":76,"column":20},"end":{"line":76,"column":24}},{"start":{"line":76,"column":28},"end":{"line":76,"column":30}}],"line":76}},"s":{"0":4,"1":4,"2":4,"3":0,"4":0,"5":0,"6":0,"7":0,"8":0,"9":0,"10":0,"11":0,"12":0,"13":0,"14":0,"15":0,"16":0,"17":4,"18":0,"19":0,"20":0,"21":0,"22":0,"23":0,"24":0,"25":0,"26":4,"27":0,"28":0,"29":0,"30":0,"31":0,"32":0,"33":0,"34":0,"35":0},"f":{"0":0,"1":0,"2":0,"3":0,"4":0},"b":{"0":[0,0],"1":[0,0,0],"2":[0,0],"3":[0,0],"4":[0,0],"5":[0,0]},"_coverageSchema":"1a1c01bbd47fc00a2c39e90264f33305004495a9","hash":"6fd2ef257bfb78b6521567368184226ecff7362a"}
,"C:\\Users\\siddo\\OneDrive\\Desktop\\PrepAI\\PrepAI\\backend\\controllers\\sessionController.js": {"path":"C:\\Users\\siddo\\OneDrive\\Desktop\\PrepAI\\PrepAI\\backend\\controllers\\sessionController.js","statementMap":{"0":{"start":{"line":1,"column":16},"end":{"line":1,"column":44}},"1":{"start":{"line":2,"column":17},"end":{"line":2,"column":46}},"2":{"start":{"line":7,"column":0},"end":{"line":39,"column":2}},"3":{"start":{"line":8,"column":2},"end":{"line":38,"column":3}},"4":{"start":{"line":10,"column":6},"end":{"line":10,"column":14}},"5":{"start":{"line":11,"column":19},"end":{"line":11,"column":31}},"6":{"start":{"line":13,"column":20},"end":{"line":19,"column":6}},"7":{"start":{"line":21,"column":25},"end":{"line":30,"column":5}},"8":{"start":{"line":23,"column":25},"end":{"line":27,"column":10}},"9":{"start":{"line":28,"column":8},"end":{"line":28,"column":28}},"10":{"start":{"line":32,"column":4},"end":{"line":32,"column":37}},"11":{"start":{"line":33,"column":4},"end":{"line":33,"column":25}},"12":{"start":{"line":35,"column":4},"end":{"line":35,"column":53}},"13":{"start":{"line":37,"column":4},"end":{"line":37,"column":70}},"14":{"start":{"line":44,"column":0},"end":{"line":53,"column":2}},"15":{"start":{"line":45,"column":2},"end":{"line":52,"column":3}},"16":{"start":{"line":46,"column":21},"end":{"line":48,"column":28}},"17":{"start":{"line":49,"column":4},"end":{"line":49,"column":35}},"18":{"start":{"line":51,"column":4},"end":{"line":51,"column":70}},"19":{"start":{"line":58,"column":0},"end":{"line":77,"column":2}},"20":{"start":{"line":59,"column":2},"end":{"line":76,"column":3}},"21":{"start":{"line":60,"column":20},"end":{"line":65,"column":13}},"22":{"start":{"line":67,"column":4},"end":{"line":71,"column":5}},"23":{"start":{"line":68,"column":6},"end":{"line":70,"column":64}},"24":{"start":{"line":73,"column":4},"end":{"line":73,"column":53}},"25":{"start":{"line":75,"column":4},"end":{"line":75,"column":70}},"26":{"start":{"line":82,"column":0},"end":{"line":107,"column":2}},"27":{"start":{"line":83,"column":2},"end":{"line":106,"column":3}},"28":{"start":{"line":84,"column":20},"end":{"line":84,"column":57}},"29":{"start":{"line":86,"column":4},"end":{"line":88,"column":5}},"30":{"start":{"line":87,"column":6},"end":{"line":87,"column":68}},"31":{"start":{"line":91,"column":4},"end":{"line":95,"column":5}},"32":{"start":{"line":92,"column":6},"end":{"line":94,"column":68}},"33":{"start":{"line":98,"column":4},"end":{"line":98,"column":56}},"34":{"start":{"line":101,"column":4},"end":{"line":101,"column":30}},"35":{"start":{"line":103,"column":4},"end":{"line":103,"column":70}},"36":{"start":{"line":105,"column":4},"end":{"line":105,"column":70}}},"fnMap":{"0":{"name":"(anonymous_0)","decl":{"start":{"line":7,"column":24},"end":{"line":7,"column":25}},"loc":{"start":{"line":7,"column":44},"end":{"line":39,"column":1}},"line":7},"1":{"name":"(anonymous_1)","decl":{"start":{"line":22,"column":20},"end":{"line":22,"column":21}},"loc":{"start":{"line":22,"column":33},"end":{"line":29,"column":7}},"line":22},"2":{"name":"(anonymous_2)","decl":{"start":{"line":44,"column":24},"end":{"line":44,"column":25}},"loc":{"start":{"line":44,"column":44},"end":{"line":53,"column":1}},"line":44},"3":{"name":"(anonymous_3)","decl":{"start":{"line":58,"column":25},"end":{"line":58,"column":26}},"loc":{"start":{"line":58,"column":45},"end":{"line":77,"column":1}},"line":58},"4":{"name":"(anonymous_4)","decl":{"start":{"line":82,"column":24},"end":{"line":82,"column":25}},"loc":{"start":{"line":82,"column":44},"end":{"line":107,"column":1}},"line":82}},"branchMap":{"0":{"loc":{"start":{"line":67,"column":4},"end":{"line":71,"column":5}},"type":"if","locations":[{"start":{"line":67,"column":4},"end":{"line":71,"column":5}},{"start":{},"end":{}}],"line":67},"1":{"loc":{"start":{"line":86,"column":4},"end":{"line":88,"column":5}},"type":"if","locations":[{"start":{"line":86,"column":4},"end":{"line":88,"column":5}},{"start":{},"end":{}}],"line":86},"2":{"loc":{"start":{"line":91,"column":4},"end":{"line":95,"column":5}},"type":"if","locations":[{"start":{"line":91,"column":4},"end":{"line":95,"column":5}},{"start":{},"end":{}}],"line":91}},"s":{"0":4,"1":4,"2":4,"3":0,"4":0,"5":0,"6":0,"7":0,"8":0,"9":0,"10":0,"11":0,"12":0,"13":0,"14":4,"15":0,"16":0,"17":0,"18":0,"19":4,"20":0,"21":0,"22":0,"23":0,"24":0,"25":0,"26":4,"27":0,"28":0,"29":0,"30":0,"31":0,"32":0,"33":0,"34":0,"35":0,"36":0},"f":{"0":0,"1":0,"2":0,"3":0,"4":0},"b":{"0":[0,0],"1":[0,0],"2":[0,0]},"_coverageSchema":"1a1c01bbd47fc00a2c39e90264f33305004495a9","hash":"98e4a9b2d20c1f2f269a8658a23210abd9c53781"}
,"C:\\Users\\siddo\\OneDrive\\Desktop\\PrepAI\\PrepAI\\backend\\middlewares\\authMiddleware.js": {"path":"C:\\Users\\siddo\\OneDrive\\Desktop\\PrepAI\\PrepAI\\backend\\middlewares\\authMiddleware.js","statementMap":{"0":{"start":{"line":1,"column":12},"end":{"line":1,"column":35}},"1":{"start":{"line":2,"column":13},"end":{"line":2,"column":38}},"2":{"start":{"line":5,"column":16},"end":{"line":20,"column":1}},"3":{"start":{"line":6,"column":4},"end":{"line":19,"column":5}},"4":{"start":{"line":7,"column":20},"end":{"line":7,"column":45}},"5":{"start":{"line":9,"column":8},"end":{"line":16,"column":9}},"6":{"start":{"line":10,"column":12},"end":{"line":10,"column":40}},"7":{"start":{"line":11,"column":28},"end":{"line":11,"column":69}},"8":{"start":{"line":12,"column":12},"end":{"line":12,"column":75}},"9":{"start":{"line":13,"column":12},"end":{"line":13,"column":19}},"10":{"start":{"line":15,"column":12},"end":{"line":15,"column":74}},"11":{"start":{"line":18,"column":8},"end":{"line":18,"column":80}},"12":{"start":{"line":22,"column":0},"end":{"line":22,"column":29}}},"fnMap":{"0":{"name":"(anonymous_0)","decl":{"start":{"line":5,"column":16},"end":{"line":5,"column":17}},"loc":{"start":{"line":5,"column":42},"end":{"line":20,"column":1}},"line":5}},"branchMap":{"0":{"loc":{"start":{"line":9,"column":8},"end":{"line":16,"column":9}},"type":"if","locations":[{"start":{"line":9,"column":8},"end":{"line":16,"column":9}},{"start":{"line":14,"column":15},"end":{"line":16,"column":9}}],"line":9},"1":{"loc":{"start":{"line":9,"column":12},"end":{"line":9,"column":47}},"type":"binary-expr","locations":[{"start":{"line":9,"column":12},"end":{"line":9,"column":17}},{"start":{"line":9,"column":21},"end":{"line":9,"column":47}}],"line":9}},"s":{"0":4,"1":4,"2":4,"3":0,"4":0,"5":0,"6":0,"7":0,"8":0,"9":0,"10":0,"11":0,"12":4},"f":{"0":0},"b":{"0":[0,0],"1":[0,0]},"_coverageSchema":"1a1c01bbd47fc00a2c39e90264f33305004495a9","hash":"c12a5b4a66554fd9c032486e5436bbc0f0c50ecd"}
,"C:\\Users\\siddo\\OneDrive\\Desktop\\PrepAI\\PrepAI\\backend\\middlewares\\uploadMiddleware.js": {"path":"C:\\Users\\siddo\\OneDrive\\Desktop\\PrepAI\\PrepAI\\backend\\middlewares\\uploadMiddleware.js","statementMap":{"0":{"start":{"line":1,"column":15},"end":{"line":1,"column":32}},"1":{"start":{"line":4,"column":16},"end":{"line":11,"column":2}},"2":{"start":{"line":6,"column":4},"end":{"line":6,"column":25}},"3":{"start":{"line":9,"column":4},"end":{"line":9,"column":51}},"4":{"start":{"line":14,"column":19},"end":{"line":21,"column":1}},"5":{"start":{"line":15,"column":23},"end":{"line":15,"column":63}},"6":{"start":{"line":16,"column":2},"end":{"line":20,"column":3}},"7":{"start":{"line":17,"column":4},"end":{"line":17,"column":19}},"8":{"start":{"line":19,"column":4},"end":{"line":19,"column":74}},"9":{"start":{"line":23,"column":15},"end":{"line":23,"column":46}},"10":{"start":{"line":25,"column":0},"end":{"line":25,"column":24}}},"fnMap":{"0":{"name":"(anonymous_0)","decl":{"start":{"line":5,"column":15},"end":{"line":5,"column":16}},"loc":{"start":{"line":5,"column":34},"end":{"line":7,"column":3}},"line":5},"1":{"name":"(anonymous_1)","decl":{"start":{"line":8,"column":12},"end":{"line":8,"column":13}},"loc":{"start":{"line":8,"column":31},"end":{"line":10,"column":3}},"line":8},"2":{"name":"(anonymous_2)","decl":{"start":{"line":14,"column":19},"end":{"line":14,"column":20}},"loc":{"start":{"line":14,"column":38},"end":{"line":21,"column":1}},"line":14}},"branchMap":{"0":{"loc":{"start":{"line":16,"column":2},"end":{"line":20,"column":3}},"type":"if","locations":[{"start":{"line":16,"column":2},"end":{"line":20,"column":3}},{"start":{"line":18,"column":9},"end":{"line":20,"column":3}}],"line":16}},"s":{"0":4,"1":4,"2":0,"3":0,"4":4,"5":0,"6":0,"7":0,"8":0,"9":4,"10":4},"f":{"0":0,"1":0,"2":0},"b":{"0":[0,0]},"_coverageSchema":"1a1c01bbd47fc00a2c39e90264f33305004495a9","hash":"3d808c22e7fe098f18b82902efc43f3fe1658408"}
,"C:\\Users\\siddo\\OneDrive\\Desktop\\PrepAI\\PrepAI\\backend\\models\\Question.js": {"path":"C:\\Users\\siddo\\OneDrive\\Desktop\\PrepAI\\PrepAI\\backend\\models\\Question.js","statementMap":{"0":{"start":{"line":1,"column":17},"end":{"line":1,"column":36}},"1":{"start":{"line":3,"column":23},"end":{"line":9,"column":24}},"2":{"start":{"line":11,"column":0},"end":{"line":11,"column":60}}},"fnMap":{},"branchMap":{},"s":{"0":4,"1":4,"2":4},"f":{},"b":{},"_coverageSchema":"1a1c01bbd47fc00a2c39e90264f33305004495a9","hash":"594ac6bd635aef4a4a6f044d4267f3c25320c10b"}
,"C:\\Users\\siddo\\OneDrive\\Desktop\\PrepAI\\PrepAI\\backend\\models\\Session.js": {"path":"C:\\Users\\siddo\\OneDrive\\Desktop\\PrepAI\\PrepAI\\backend\\models\\Session.js","statementMap":{"0":{"start":{"line":1,"column":17},"end":{"line":1,"column":36}},"1":{"start":{"line":3,"column":22},"end":{"line":10,"column":24}},"2":{"start":{"line":12,"column":0},"end":{"line":12,"column":58}}},"fnMap":{},"branchMap":{},"s":{"0":4,"1":4,"2":4},"f":{},"b":{},"_coverageSchema":"1a1c01bbd47fc00a2c39e90264f33305004495a9","hash":"c9a651247e70de53e73c5f02895837eada96f0f1"}
,"C:\\Users\\siddo\\OneDrive\\Desktop\\PrepAI\\PrepAI\\backend\\models\\User.js": {"path":"C:\\Users\\siddo\\OneDrive\\Desktop\\PrepAI\\PrepAI\\backend\\models\\User.js","statementMap":{"0":{"start":{"line":1,"column":17},"end":{"line":1,"column":36}},"1":{"start":{"line":3,"column":19},"end":{"line":11,"column":1}},"2":{"start":{"line":13,"column":0},"end":{"line":13,"column":52}}},"fnMap":{},"branchMap":{},"s":{"0":4,"1":4,"2":4},"f":{},"b":{},"_coverageSchema":"1a1c01bbd47fc00a2c39e90264f33305004495a9","hash":"e5f93ca738dc31ffc530371ab33a748b3d91dd1b"}
,"C:\\Users\\siddo\\OneDrive\\Desktop\\PrepAI\\PrepAI\\backend\\routes\\authRoutes.js": {"path":"C:\\Users\\siddo\\OneDrive\\Desktop\\PrepAI\\PrepAI\\backend\\routes\\authRoutes.js","statementMap":{"0":{"start":{"line":1,"column":16},"end":{"line":1,"column":34}},"1":{"start":{"line":2,"column":52},"end":{"line":2,"column":92}},"2":{"start":{"line":3,"column":20},"end":{"line":3,"column":60}},"3":{"start":{"line":4,"column":15},"end":{"line":4,"column":57}},"4":{"start":{"line":6,"column":15},"end":{"line":6,"column":31}},"5":{"start":{"line":9,"column":0},"end":{"line":9,"column":39}},"6":{"start":{"line":10,"column":0},"end":{"line":10,"column":33}},"7":{"start":{"line":11,"column":0},"end":{"line":11,"column":48}},"8":{"start":{"line":13,"column":0},"end":{"line":21,"column":3}},"9":{"start":{"line":14,"column":2},"end":{"line":16,"column":3}},"10":{"start":{"line":15,"column":4},"end":{"line":15,"column":65}},"11":{"start":{"line":17,"column":19},"end":{"line":19,"column":4}},"12":{"start":{"line":20,"column":2},"end":{"line":20,"column":37}},"13":{"start":{"line":23,"column":0},"end":{"line":23,"column":24}}},"fnMap":{"0":{"name":"(anonymous_0)","decl":{"start":{"line":13,"column":53},"end":{"line":13,"column":54}},"loc":{"start":{"line":13,"column":67},"end":{"line":21,"column":1}},"line":13}},"branchMap":{"0":{"loc":{"start":{"line":14,"column":2},"end":{"line":16,"column":3}},"type":"if","locations":[{"start":{"line":14,"column":2},"end":{"line":16,"column":3}},{"start":{},"end":{}}],"line":14}},"s":{"0":4,"1":4,"2":4,"3":4,"4":4,"5":4,"6":4,"7":4,"8":4,"9":0,"10":0,"11":0,"12":0,"13":4},"f":{"0":0},"b":{"0":[0,0]},"_coverageSchema":"1a1c01bbd47fc00a2c39e90264f33305004495a9","hash":"345ec2ed9faa47bfe8780d6ed298df5aaf73c9d9"}
,"C:\\Users\\siddo\\OneDrive\\Desktop\\PrepAI\\PrepAI\\backend\\routes\\questionRoutes.js": {"path":"C:\\Users\\siddo\\OneDrive\\Desktop\\PrepAI\\PrepAI\\backend\\routes\\questionRoutes.js","statementMap":{"0":{"start":{"line":1,"column":16},"end":{"line":1,"column":34}},"1":{"start":{"line":2,"column":73},"end":{"line":2,"column":117}},"2":{"start":{"line":3,"column":20},"end":{"line":3,"column":60}},"3":{"start":{"line":6,"column":15},"end":{"line":6,"column":31}},"4":{"start":{"line":8,"column":0},"end":{"line":8,"column":52}},"5":{"start":{"line":9,"column":0},"end":{"line":9,"column":52}},"6":{"start":{"line":10,"column":0},"end":{"line":10,"column":54}},"7":{"start":{"line":12,"column":0},"end":{"line":12,"column":24}}},"fnMap":{},"branchMap":{},"s":{"0":4,"1":4,"2":4,"3":4,"4":4,"5":4,"6":4,"7":4},"f":{},"b":{},"_coverageSchema":"1a1c01bbd47fc00a2c39e90264f33305004495a9","hash":"e45e41696d80369ebb6bbe677ca51beb9b674c25"}
,"C:\\Users\\siddo\\OneDrive\\Desktop\\PrepAI\\PrepAI\\backend\\routes\\sessionRoutes.js": {"path":"C:\\Users\\siddo\\OneDrive\\Desktop\\PrepAI\\PrepAI\\backend\\routes\\sessionRoutes.js","statementMap":{"0":{"start":{"line":1,"column":16},"end":{"line":1,"column":34}},"1":{"start":{"line":2,"column":72},"end":{"line":2,"column":115}},"2":{"start":{"line":3,"column":20},"end":{"line":3,"column":60}},"3":{"start":{"line":5,"column":15},"end":{"line":5,"column":31}},"4":{"start":{"line":7,"column":0},"end":{"line":7,"column":47}},"5":{"start":{"line":8,"column":0},"end":{"line":8,"column":51}},"6":{"start":{"line":9,"column":0},"end":{"line":9,"column":44}},"7":{"start":{"line":10,"column":0},"end":{"line":10,"column":46}},"8":{"start":{"line":12,"column":0},"end":{"line":12,"column":24}}},"fnMap":{},"branchMap":{},"s":{"0":4,"1":4,"2":4,"3":4,"4":4,"5":4,"6":4,"7":4,"8":4},"f":{},"b":{},"_coverageSchema":"1a1c01bbd47fc00a2c39e90264f33305004495a9","hash":"c8796e9c5bdd647a940f301c2a6183c05b5642d6"}
,"C:\\Users\\siddo\\OneDrive\\Desktop\\PrepAI\\PrepAI\\backend\\tests\\setupTestDB.js": {"path":"C:\\Users\\siddo\\OneDrive\\Desktop\\PrepAI\\PrepAI\\backend\\tests\\setupTestDB.js","statementMap":{"0":{"start":{"line":1,"column":17},"end":{"line":1,"column":36}},"1":{"start":{"line":2,"column":30},"end":{"line":2,"column":62}},"2":{"start":{"line":15,"column":2},"end":{"line":17,"column":5}},"3":{"start":{"line":18,"column":14},"end":{"line":18,"column":34}},"4":{"start":{"line":19,"column":2},"end":{"line":22,"column":5}},"5":{"start":{"line":26,"column":2},"end":{"line":26,"column":30}},"6":{"start":{"line":27,"column":2},"end":{"line":27,"column":44}},"7":{"start":{"line":27,"column":19},"end":{"line":27,"column":44}},"8":{"start":{"line":31,"column":22},"end":{"line":31,"column":53}},"9":{"start":{"line":32,"column":2},"end":{"line":34,"column":3}},"10":{"start":{"line":33,"column":4},"end":{"line":33,"column":42}},"11":{"start":{"line":37,"column":0},"end":{"line":41,"column":2}}},"fnMap":{"0":{"name":"setupTestDB","decl":{"start":{"line":14,"column":15},"end":{"line":14,"column":26}},"loc":{"start":{"line":14,"column":29},"end":{"line":23,"column":1}},"line":14},"1":{"name":"teardownTestDB","decl":{"start":{"line":25,"column":15},"end":{"line":25,"column":29}},"loc":{"start":{"line":25,"column":32},"end":{"line":28,"column":1}},"line":25},"2":{"name":"clearTestDB","decl":{"start":{"line":30,"column":15},"end":{"line":30,"column":26}},"loc":{"start":{"line":30,"column":29},"end":{"line":35,"column":1}},"line":30}},"branchMap":{"0":{"loc":{"start":{"line":27,"column":2},"end":{"line":27,"column":44}},"type":"if","locations":[{"start":{"line":27,"column":2},"end":{"line":27,"column":44}},{"start":{},"end":{}}],"line":27}},"s":{"0":2,"1":2,"2":2,"3":2,"4":2,"5":2,"6":2,"7":2,"8":3,"9":3,"10":9,"11":2},"f":{"0":2,"1":2,"2":3},"b":{"0":[2,0]},"_coverageSchema":"1a1c01bbd47fc00a2c39e90264f33305004495a9","hash":"f68602a02bc2aae35a69607f22c2c5d736953f1a"}
,"C:\\Users\\siddo\\OneDrive\\Desktop\\PrepAI\\PrepAI\\backend\\utils\\prompts.js": {"path":"C:\\Users\\siddo\\OneDrive\\Desktop\\PrepAI\\PrepAI\\backend\\utils\\prompts.js","statementMap":{"0":{"start":{"line":1,"column":29},"end":{"line":26,"column":5}},"1":{"start":{"line":6,"column":5},"end":{"line":26,"column":5}},"2":{"start":{"line":28,"column":29},"end":{"line":46,"column":5}},"3":{"start":{"line":28,"column":43},"end":{"line":46,"column":5}},"4":{"start":{"line":48,"column":0},"end":{"line":48,"column":64}}},"fnMap":{"0":{"name":"(anonymous_0)","decl":{"start":{"line":1,"column":29},"end":{"line":1,"column":30}},"loc":{"start":{"line":6,"column":5},"end":{"line":26,"column":5}},"line":6},"1":{"name":"(anonymous_1)","decl":{"start":{"line":28,"column":29},"end":{"line":28,"column":30}},"loc":{"start":{"line":28,"column":43},"end":{"line":46,"column":5}},"line":28}},"branchMap":{},"s":{"0":4,"1":0,"2":4,"3":0,"4":4},"f":{"0":0,"1":0},"b":{},"_coverageSchema":"1a1c01bbd47fc00a2c39e90264f33305004495a9","hash":"cc38b105b04f307a2e499939cc20fa200d923fb8"}
}
